[debug] [2018-12-13T06:46:39.264Z] ----------------------------------------------------------------------
[debug] [2018-12-13T06:46:39.267Z] Command:       /usr/local/bin/node /Users/doug/Developer/GroupTalent/jpvcdb/server/jpvcdb/node_modules/.bin/firebase serve
[debug] [2018-12-13T06:46:39.267Z] CLI Version:   6.1.2
[debug] [2018-12-13T06:46:39.267Z] Platform:      darwin
[debug] [2018-12-13T06:46:39.268Z] Node Version:  v10.13.0
[debug] [2018-12-13T06:46:39.269Z] Time:          Wed Dec 12 2018 22:46:39 GMT-0800 (Pacific Standard Time)
[debug] [2018-12-13T06:46:39.269Z] ----------------------------------------------------------------------
[debug] 
[debug] [2018-12-13T06:46:39.286Z] > command requires scopes: ["email","openid","https://www.googleapis.com/auth/cloudplatformprojects.readonly","https://www.googleapis.com/auth/firebase","https://www.googleapis.com/auth/cloud-platform"]
[debug] [2018-12-13T06:46:39.287Z] > authorizing via signed-in user
[debug] [2018-12-13T06:46:39.287Z] [iam] checking project jpvcdb for permissions ["firebase.projects.get"]
[debug] [2018-12-13T06:46:39.291Z] > refreshing access token with scopes: ["email","https://www.googleapis.com/auth/cloud-platform","https://www.googleapis.com/auth/cloudplatformprojects.readonly","https://www.googleapis.com/auth/firebase","openid"]
[debug] [2018-12-13T06:46:39.291Z] >>> HTTP REQUEST POST https://www.googleapis.com/oauth2/v3/token  
 <request body omitted>
[debug] [2018-12-13T06:46:39.573Z] <<< HTTP RESPONSE 200
[debug] [2018-12-13T06:46:39.611Z] >>> HTTP REQUEST POST https://cloudresourcemanager.googleapis.com/v1/projects/jpvcdb:testIamPermissions  

[debug] [2018-12-13T06:46:39.863Z] <<< HTTP RESPONSE 200
[debug] [2018-12-13T06:46:39.865Z] >>> HTTP REQUEST GET https://cloudresourcemanager.googleapis.com/v1/projects/jpvcdb  
 
[debug] [2018-12-13T06:46:40.118Z] <<< HTTP RESPONSE 200
[info] 
[info] === Serving from '/Users/doug/Developer/GroupTalent/jpvcdb/server/jpvcdb'...
[info] 
[info] i  functions: Preparing to emulate functions.
[debug] [2018-12-13T06:46:41.285Z] Fetching environment
[debug] [2018-12-13T06:46:41.289Z] >>> HTTP REQUEST GET https://mobilesdk-pa.googleapis.com/v1/projects/337103096839:getServerAppConfig  
 
[debug] [2018-12-13T06:46:41.290Z] >>> HTTP REQUEST GET https://mobilesdk-pa.googleapis.com/v1/projects/337103096839/clients/_:getWebAppConfig  
 
[debug] [2018-12-13T06:46:41.474Z] <<< HTTP RESPONSE 200
[debug] [2018-12-13T06:46:41.475Z] Starting @google-cloud/functions-emulator
[debug] [2018-12-13T06:46:41.611Z] <<< HTTP RESPONSE 200
[info] i  hosting: Serving hosting files from: dist/public
[info] ✔  hosting: Local server: http://localhost:5000
[debug] [2018-12-13T06:46:43.661Z] Parsing function triggers
[info] ✔  functions: next: http://localhost:5001/jpvcdb/us-central1/next
[info] [hosting] Rewriting / to local function next
[info] [hosting] Rewriting /_next/static/mWOkxTXN9xWEV~vuWwxFs/pages/index.js to local function next
[info] [hosting] Rewriting /_next/static/mWOkxTXN9xWEV~vuWwxFs/pages/_app.js to local function next
[info] [hosting] Rewriting /_next/static/mWOkxTXN9xWEV~vuWwxFs/pages/_error.js to local function next
[info] [hosting] Rewriting /_next/static/runtime/webpack-fede5e3c009dbf17c651.js to local function next
[info] [hosting] Rewriting /_next/static/chunks/commons.6a40debe09d86658a090.js to local function next
[info] [hosting] Rewriting /_next/static/chunks/styles.01e2b201ec7fb7ec043f.js to local function next
[info] [hosting] Rewriting /_next/static/css/commons.98ac9afa.chunk.css to local function next
[info] [hosting] Rewriting /_next/static/css/styles.c86a9036.chunk.css to local function next
[info] [hosting] Rewriting /_next/static/runtime/main-0ab6594490da0666156b.js to local function next
[info] [hosting] Rewriting /_next/static/chunks/10.3e94867eb2624d3ab03a.js to local function next
